|SourceProjectName:SCM.hpr
|DestinationProjectName:index.html
index_hha.hhk
index.hhc
index.hhk
Demo_of_Machine_parts.htm
New_Topic.htm
SCM_InChain\SCMMasterInchainManualIX0014_RH2\10_SYSTEM_ELECTRONICS.htm
SCM_InChain\SCMMasterInchainManualIX0014_RH2\11_MAINTENANCE.htm
SCM_InChain\SCMMasterInchainManualIX0014_RH2\12_TESTING_AND_FAULT_FINDING.htm
SCM_InChain\SCMMasterInchainManualIX0014_RH2\1_INTRODUCTION.htm
SCM_InChain\SCMMasterInchainManualIX0014_RH2\2_ELECTRICAL_OPERATION.htm
SCM_InChain\SCMMasterInchainManualIX0014_RH2\3_PC_OPERATION_INSTRUCTIONS_AND_DISPLAYS.htm
SCM_InChain\SCMMasterInchainManualIX0014_RH2\4_DETAILED_CASTER_MEASUREMENT_SEQUENCE.htm
SCM_InChain\SCMMasterInchainManualIX0014_RH2\5_INTERPRETATION_OF_MEASUREMENT_RESULTS.htm
SCM_InChain\SCMMasterInchainManualIX0014_RH2\6_PRINCIPLES_OF_MEASUREMENTS.htm
SCM_InChain\SCMMasterInchainManualIX0014_RH2\8_ASSIGN_CASSETTE_TO_SCM.htm
SCM_InChain\SCMMasterInchainManualIX0014_RH2\9_CALIBRATION.htm
SCM_InChain\SCMMasterInchainManualIX0014_RH2\About.htm
SCM_InChain\SCMMasterInchainManualIX0014_RH2\About_This_Manual.htm
SCM_InChain\SCMMasterInchainManualIX0014_RH2\Auto-Charger_Communication.htm
SCM_InChain\SCMMasterInchainManualIX0014_RH2\Automatic_Mode_of_Measurement.htm
SCM_InChain\SCMMasterInchainManualIX0014_RH2\Battery.htm
SCM_InChain\SCMMasterInchainManualIX0014_RH2\Battery_Calibration.htm
SCM_InChain\SCMMasterInchainManualIX0014_RH2\Battery_Charging_Circuit_Enclosure.htm
SCM_InChain\SCMMasterInchainManualIX0014_RH2\Battery_Charging_Panel.htm
SCM_InChain\SCMMasterInchainManualIX0014_RH2\Battery_Status_Graph.htm
SCM_InChain\SCMMasterInchainManualIX0014_RH2\Battery_Voltage_Graph.htm
SCM_InChain\SCMMasterInchainManualIX0014_RH2\Battery_Voltage_Test_Option.htm
SCM_InChain\SCMMasterInchainManualIX0014_RH2\Battery_Voltage_Test_Option1.htm
SCM_InChain\SCMMasterInchainManualIX0014_RH2\Calibration_Equipment.htm
SCM_InChain\SCMMasterInchainManualIX0014_RH2\Calibration_Equipment1.htm
SCM_InChain\SCMMasterInchainManualIX0014_RH2\Card_Connections.htm
SCM_InChain\SCMMasterInchainManualIX0014_RH2\Caster_Segment_Step_Misalignment.htm
SCM_InChain\SCMMasterInchainManualIX0014_RH2\Check_Option.htm
SCM_InChain\SCMMasterInchainManualIX0014_RH2\Combined_Battery_Computer_Enclosure.htm
SCM_InChain\SCMMasterInchainManualIX0014_RH2\Compound_Errors.htm
SCM_InChain\SCMMasterInchainManualIX0014_RH2\Computer_Enclosure.htm
SCM_InChain\SCMMasterInchainManualIX0014_RH2\Contents.htm
SCM_InChain\SCMMasterInchainManualIX0014_RH2\Creating_New_Cassettes.htm
SCM_InChain\SCMMasterInchainManualIX0014_RH2\Description_of_Result_Displays.htm
SCM_InChain\SCMMasterInchainManualIX0014_RH2\Detailed_Description_of_Automatic_Data_Transfer.htm
SCM_InChain\SCMMasterInchainManualIX0014_RH2\Detailed_Description_Of_Manual_Data_Transfer.htm
SCM_InChain\SCMMasterInchainManualIX0014_RH2\Drawings_-_Electrical.htm
SCM_InChain\SCMMasterInchainManualIX0014_RH2\Drawings_-_Mechanical.htm
SCM_InChain\SCMMasterInchainManualIX0014_RH2\Editing_the_Assigned_Cassettes.htm
SCM_InChain\SCMMasterInchainManualIX0014_RH2\Enable_ASCII_File_Generation.htm
SCM_InChain\SCMMasterInchainManualIX0014_RH2\Export_ASCII_Measurement_Data_to_Remote_Drive.htm
SCM_InChain\SCMMasterInchainManualIX0014_RH2\External_Equipment.htm
SCM_InChain\SCMMasterInchainManualIX0014_RH2\Folder_and_file_Structure.htm
SCM_InChain\SCMMasterInchainManualIX0014_RH2\Fuse_Table.htm
SCM_InChain\SCMMasterInchainManualIX0014_RH2\Gap_Calibration.htm
SCM_InChain\SCMMasterInchainManualIX0014_RH2\Gap_Error_Display_Results.htm
SCM_InChain\SCMMasterInchainManualIX0014_RH2\Gap_Error_Graph.htm
SCM_InChain\SCMMasterInchainManualIX0014_RH2\Gap_Error_Measurement_Comparison.htm
SCM_InChain\SCMMasterInchainManualIX0014_RH2\Gap_Graph.htm
SCM_InChain\SCMMasterInchainManualIX0014_RH2\Gap_Measurement_Comparison.htm
SCM_InChain\SCMMasterInchainManualIX0014_RH2\Gap_Results_Table.htm
SCM_InChain\SCMMasterInchainManualIX0014_RH2\Gap_Roll_Layout_Display.htm
SCM_InChain\SCMMasterInchainManualIX0014_RH2\Gap_Sensor_Assemblies.htm
SCM_InChain\SCMMasterInchainManualIX0014_RH2\Gap_Sensor_Calibration_Sequence.htm
SCM_InChain\SCMMasterInchainManualIX0014_RH2\Gap_Sensors.htm
SCM_InChain\SCMMasterInchainManualIX0014_RH2\Gap_Threshold_Summary.htm
SCM_InChain\SCMMasterInchainManualIX0014_RH2\General.htm
SCM_InChain\SCMMasterInchainManualIX0014_RH2\Ground_Base_PC.htm
SCM_InChain\SCMMasterInchainManualIX0014_RH2\How_to_Check_Sensors_and_Battery_Voltage.htm
SCM_InChain\SCMMasterInchainManualIX0014_RH2\Inclinometer_Calibration.htm
SCM_InChain\SCMMasterInchainManualIX0014_RH2\Inclinometer_Sensors.htm
SCM_InChain\SCMMasterInchainManualIX0014_RH2\Inclinometers.htm
SCM_InChain\SCMMasterInchainManualIX0014_RH2\Index.htm
SCM_InChain\SCMMasterInchainManualIX0014_RH2\Individual_transducer_test_option.htm
SCM_InChain\SCMMasterInchainManualIX0014_RH2\Individual_transducer_test_option1.htm
SCM_InChain\SCMMasterInchainManualIX0014_RH2\Infrared_Remote_Control.htm
SCM_InChain\SCMMasterInchainManualIX0014_RH2\LED_Display_Interface_Unit.htm
SCM_InChain\SCMMasterInchainManualIX0014_RH2\Loading_a_Measurement.htm
SCM_InChain\SCMMasterInchainManualIX0014_RH2\Maintenance_Menu.htm
SCM_InChain\SCMMasterInchainManualIX0014_RH2\Manual_Conventions.htm
SCM_InChain\SCMMasterInchainManualIX0014_RH2\Map_to_Desired_Remote_Network_Drive_Location.htm
SCM_InChain\SCMMasterInchainManualIX0014_RH2\Measurement_Options.htm
SCM_InChain\SCMMasterInchainManualIX0014_RH2\Measuring_Cassette.htm
SCM_InChain\SCMMasterInchainManualIX0014_RH2\Measuring_Cassettes.htm
SCM_InChain\SCMMasterInchainManualIX0014_RH2\Mechanical_Arrangement.htm
SCM_InChain\SCMMasterInchainManualIX0014_RH2\Menu_and_Test_Modes.htm
SCM_InChain\SCMMasterInchainManualIX0014_RH2\Monthly_Maintenance.htm
SCM_InChain\SCMMasterInchainManualIX0014_RH2\Moxa_Wi-Fi_Router.htm
SCM_InChain\SCMMasterInchainManualIX0014_RH2\Operator_Interface_Unit.htm
SCM_InChain\SCMMasterInchainManualIX0014_RH2\Other_Hardware_Problems.htm
SCM_InChain\SCMMasterInchainManualIX0014_RH2\Outer_Roll_Alignment.htm
SCM_InChain\SCMMasterInchainManualIX0014_RH2\Outer_Roll_Alignment_Results.htm
SCM_InChain\SCMMasterInchainManualIX0014_RH2\PC_Software_Top_Level_Window.htm
SCM_InChain\SCMMasterInchainManualIX0014_RH2\Power-related_Problems.htm
SCM_InChain\SCMMasterInchainManualIX0014_RH2\Preparation34_Remove_the_measuring_cassette_from_the_dummy_bar_chain_by_disconnecting_the_gap.htm
SCM_InChain\SCMMasterInchainManualIX0014_RH2\Press_the_exit_key_to_return_to_the_user_menu.htm
SCM_InChain\SCMMasterInchainManualIX0014_RH2\Procedure.htm
SCM_InChain\SCMMasterInchainManualIX0014_RH2\Results_Due_To_Single_Roll_Problems.htm
SCM_InChain\SCMMasterInchainManualIX0014_RH2\Roll_Alignment_Angular_Error_Graph.htm
SCM_InChain\SCMMasterInchainManualIX0014_RH2\Roll_Alignment_Display.htm
SCM_InChain\SCMMasterInchainManualIX0014_RH2\Roll_Gap.htm
SCM_InChain\SCMMasterInchainManualIX0014_RH2\Roll_Gap_Display_Options.htm
SCM_InChain\SCMMasterInchainManualIX0014_RH2\SD_Card_Replacement.htm
SCM_InChain\SCMMasterInchainManualIX0014_RH2\Sensor_Output_Flow_Diagram.htm
SCM_InChain\SCMMasterInchainManualIX0014_RH2\Sequence_of_Operation.htm
SCM_InChain\SCMMasterInchainManualIX0014_RH2\Sequence_of_Operation1.htm
SCM_InChain\SCMMasterInchainManualIX0014_RH2\Setup_of_Client_PC_to_View_Network_Data.htm
SCM_InChain\SCMMasterInchainManualIX0014_RH2\Single_Roll_Out_of_Position.htm
SCM_InChain\SCMMasterInchainManualIX0014_RH2\Six-Monthly_Maintenance.htm
SCM_InChain\SCMMasterInchainManualIX0014_RH2\Software_Problems.htm
SCM_InChain\SCMMasterInchainManualIX0014_RH2\System_Overview.htm
SCM_InChain\SCMMasterInchainManualIX0014_RH2\Terminology.htm
SCM_InChain\SCMMasterInchainManualIX0014_RH2\Threshold_Adjustment.htm
SCM_InChain\SCMMasterInchainManualIX0014_RH2\User_Information.htm
SCM_InChain\SCMMasterInchainManualIX0014_RH2\User_Menu_Options_and_Functions.htm
SCM_InChain\SCMMasterInchainManualIX0014_RH2\Warnings.htm
SCM_InChain\SCMMasterInchainManualIX0014_RH2\Weekly_Maintenance.htm
SCM_Master\SCMMASTERManual-English2_0._RH\64-Channel_Data_Logger_Printed_Circuit_Board_PCB-.htm
SCM_Master\SCMMASTERManual-English2_0._RH\64ch_Single_Board_Computer_-_Fuse_Table-.htm
SCM_Master\SCMMASTERManual-English2_0._RH\64ch_Single_Board_Computer_-_LED_Table-.htm
SCM_Master\SCMMASTERManual-English2_0._RH\64ch_Single_Board_Computer_-_Termination_Headers-.htm
SCM_Master\SCMMASTERManual-English2_0._RH\64ch_Single_Board_Computer__Test_Point_Table-h701a.htm
SCM_Master\SCMMASTERManual-English2_0._RH\ABOUT_-_Menu_Option-.htm
SCM_Master\SCMMASTERManual-English2_0._RH\Available_Measurements-.htm
SCM_Master\SCMMASTERManual-English2_0._RH\BATT_-_Battery_Voltage_Display-.htm
SCM_Master\SCMMASTERManual-English2_0._RH\Batteries-.htm
SCM_Master\SCMMASTERManual-English2_0._RH\Batteries1-.htm
SCM_Master\SCMMASTERManual-English2_0._RH\Battery__Replacement-bu2l.htm
SCM_Master\SCMMASTERManual-English2_0._RH\Battery_Charger-.htm
SCM_Master\SCMMASTERManual-English2_0._RH\Battery_Charger_and_Communications_Interface_106-22-.htm
SCM_Master\SCMMASTERManual-English2_0._RH\Battery_Charging-.htm
SCM_Master\SCMMASTERManual-English2_0._RH\Battery_Charging_and_Communication_Cable_103-176-.htm
SCM_Master\SCMMASTERManual-English2_0._RH\Battery_Charging_and_Communication_Cable_103-177-.htm
SCM_Master\SCMMASTERManual-English2_0._RH\Battery_Charging_and_Communications_Connection-.htm
SCM_Master\SCMMASTERManual-English2_0._RH\Battery_Status_Graph-.htm
SCM_Master\SCMMASTERManual-English2_0._RH\Battery_Voltage_Graph-.htm
SCM_Master\SCMMASTERManual-English2_0._RH\Blade-mounted_inclinometers-.htm
SCM_Master\SCMMASTERManual-English2_0._RH\Bleeding_the_Hydraulic_System-.htm
SCM_Master\SCMMASTERManual-English2_0._RH\Cables-.htm
SCM_Master\SCMMASTERManual-English2_0._RH\Calibration_Equipment-.htm
SCM_Master\SCMMASTERManual-English2_0._RH\Caster_Parameters_Measured_by_SCM_Sensors-.htm
SCM_Master\SCMMASTERManual-English2_0._RH\Caster_Segment_Step_Misalignment-.htm
SCM_Master\SCMMASTERManual-English2_0._RH\Changing_SCM_Thickness_-_Optional-.htm
SCM_Master\SCMMASTERManual-English2_0._RH\Changing_the_SCM_Software__SDHC_Memory_Card-im40a.htm
SCM_Master\SCMMASTERManual-English2_0._RH\Check_Option-.htm
SCM_Master\SCMMASTERManual-English2_0._RH\Compound_Errors-.htm
SCM_Master\SCMMASTERManual-English2_0._RH\Configuration_of_the_Server_PC-.htm
SCM_Master\SCMMASTERManual-English2_0._RH\Data_Logger_Enclosure-.htm
SCM_Master\SCMMASTERManual-English2_0._RH\Data_Transfer-.htm
SCM_Master\SCMMASTERManual-English2_0._RH\Data_Transfer_Cable_109-29-.htm
SCM_Master\SCMMASTERManual-English2_0._RH\Description_of_Result_Displays-.htm
SCM_Master\SCMMASTERManual-English2_0._RH\Digital_Spirit_Level_Display_Panel_and_Controls_and_Calibration-.htm
SCM_Master\SCMMASTERManual-English2_0._RH\Distribution_Blocks-.htm
SCM_Master\SCMMASTERManual-English2_0._RH\Electronic_Enclosures-.htm
SCM_Master\SCMMASTERManual-English2_0._RH\Equipment-.htm
SCM_Master\SCMMASTERManual-English2_0._RH\Equipment1-.htm
SCM_Master\SCMMASTERManual-English2_0._RH\Equipment_External_to_the_SCM-.htm
SCM_Master\SCMMASTERManual-English2_0._RH\Equipment_Internal_to_the_SCM_Body-.htm
SCM_Master\SCMMASTERManual-English2_0._RH\Flange-To-Flange_Thickness_Measurement_Procedure-.htm
SCM_Master\SCMMASTERManual-English2_0._RH\GAP_-_Individual_Gap_Transducer_Test_Option-.htm
SCM_Master\SCMMASTERManual-English2_0._RH\Gap_Error_Display_Results-.htm
SCM_Master\SCMMASTERManual-English2_0._RH\Gap_Error_Graph-.htm
SCM_Master\SCMMASTERManual-English2_0._RH\Gap_Error_Measurement_Comparison-.htm
SCM_Master\SCMMASTERManual-English2_0._RH\Gap_Graph-.htm
SCM_Master\SCMMASTERManual-English2_0._RH\Gap_Inclinometer_Diagnostic_Test_Option-.htm
SCM_Master\SCMMASTERManual-English2_0._RH\Gap_Measurement_Comparison-.htm
SCM_Master\SCMMASTERManual-English2_0._RH\Gap_Results_Table-.htm
SCM_Master\SCMMASTERManual-English2_0._RH\Gap_Roll_Layout_Display-.htm
SCM_Master\SCMMASTERManual-English2_0._RH\Gap_Sensor_Calibration-.htm
SCM_Master\SCMMASTERManual-English2_0._RH\Gap_Sensor_Calibration_Procedure-.htm
SCM_Master\SCMMASTERManual-English2_0._RH\Gap_Sensors-.htm
SCM_Master\SCMMASTERManual-English2_0._RH\Gap_Threshold_Summary-.htm
SCM_Master\SCMMASTERManual-English2_0._RH\How_the_SCM_Data_Logger_Receives_Sensor_Information-.htm
SCM_Master\SCMMASTERManual-English2_0._RH\HPU_Inspection_and_Servicing-.htm
SCM_Master\SCMMASTERManual-English2_0._RH\Hydraulic_Anvil_Operation-.htm
SCM_Master\SCMMASTERManual-English2_0._RH\Hydraulic_System__Only_applicable_for_top_feed_SCMs-se75a.htm
SCM_Master\SCMMASTERManual-English2_0._RH\Hydraulic_System_Maintenance_-_Optional-.htm
SCM_Master\SCMMASTERManual-English2_0._RH\INC_-_Individual_Inclinometer_Transducer_Test_Option-.htm
SCM_Master\SCMMASTERManual-English2_0._RH\Inclinometer_Calibration-.htm
SCM_Master\SCMMASTERManual-English2_0._RH\Inclinometers-.htm
SCM_Master\SCMMASTERManual-English2_0._RH\Infrared_Remote_Control-.htm
SCM_Master\SCMMASTERManual-English2_0._RH\Interface_Units-.htm
SCM_Master\SCMMASTERManual-English2_0._RH\INTRODUCTION-.htm
SCM_Master\SCMMASTERManual-English2_0._RH\Jumper_Cables-.htm
SCM_Master\SCMMASTERManual-English2_0._RH\Laptop_Computer-.htm
SCM_Master\SCMMASTERManual-English2_0._RH\Loading_a_Measurement-.htm
SCM_Master\SCMMASTERManual-English2_0._RH\Maintenance_Menu-.htm
SCM_Master\SCMMASTERManual-English2_0._RH\Making_a_Dummy_Measurement-.htm
SCM_Master\SCMMASTERManual-English2_0._RH\Manual_Conventions-.htm
SCM_Master\SCMMASTERManual-English2_0._RH\Measurement_Procedure-.htm
SCM_Master\SCMMASTERManual-English2_0._RH\Mobile_Hydraulic_Power_Unit__Only_applicable_for_top_feed_SCMs-hz92b.htm
SCM_Master\SCMMASTERManual-English2_0._RH\Operator_Interface_Unit-.htm
SCM_Master\SCMMASTERManual-English2_0._RH\Other_Hardware_Problems-.htm
SCM_Master\SCMMASTERManual-English2_0._RH\Outer_Face_Datum_Input-.htm
SCM_Master\SCMMASTERManual-English2_0._RH\Outer_Roll_Adjustment_Recommendations-.htm
SCM_Master\SCMMASTERManual-English2_0._RH\Outer_Roll_Alignment-.htm
SCM_Master\SCMMASTERManual-English2_0._RH\Outer_Roll_Alignment_Results-.htm
SCM_Master\SCMMASTERManual-English2_0._RH\Outer_Roll_Condition-.htm
SCM_Master\SCMMASTERManual-English2_0._RH\Outer_Roll_Condition_Results-.htm
SCM_Master\SCMMASTERManual-English2_0._RH\Outer_Roll_Condition_Roll_Layout_Screen-.htm
SCM_Master\SCMMASTERManual-English2_0._RH\Over_Threshold_Summary_Button-.htm
SCM_Master\SCMMASTERManual-English2_0._RH\Overview-.htm
SCM_Master\SCMMASTERManual-English2_0._RH\Overview1-.htm
SCM_Master\SCMMASTERManual-English2_0._RH\PC_OPERATION_INSTRUCTIONS_AND_DISPLAYS-.htm
SCM_Master\SCMMASTERManual-English2_0._RH\PC_Software_Top_Level_Window-.htm
SCM_Master\SCMMASTERManual-English2_0._RH\Power_Related_Problems-.htm
SCM_Master\SCMMASTERManual-English2_0._RH\Preparing_the_Digital_Depth_Gauge_DDG-.htm
SCM_Master\SCMMASTERManual-English2_0._RH\Print_Selection_Button-.htm
SCM_Master\SCMMASTERManual-English2_0._RH\Procedure_for_a_Caster_Measurement-.htm
SCM_Master\SCMMASTERManual-English2_0._RH\Remote_Control_-_Battery_Changing-.htm
SCM_Master\SCMMASTERManual-English2_0._RH\Remote_Control_Infrared_Transmitter-.htm
SCM_Master\SCMMASTERManual-English2_0._RH\Remote_DC-DC_Converter_Card-.htm
SCM_Master\SCMMASTERManual-English2_0._RH\Replacement_of_the_Spring_Anvils-.htm
SCM_Master\SCMMASTERManual-English2_0._RH\Results_are_Unacceptable-.htm
SCM_Master\SCMMASTERManual-English2_0._RH\Results_Due_To_Single_Roll_Problems-.htm
SCM_Master\SCMMASTERManual-English2_0._RH\ROLL_-_Individual_Roll_Transducer_Test_Option-.htm
SCM_Master\SCMMASTERManual-English2_0._RH\Roll_Alignment_Angular_Error_Graph-.htm
SCM_Master\SCMMASTERManual-English2_0._RH\Roll_Alignment_Screen-.htm
SCM_Master\SCMMASTERManual-English2_0._RH\Roll_Alignment_Step_Error_Graph-.htm
SCM_Master\SCMMASTERManual-English2_0._RH\Roll_Bend_-_Optional-.htm
SCM_Master\SCMMASTERManual-English2_0._RH\Roll_Bend_Layout_Screen_-_Optional-.htm
SCM_Master\SCMMASTERManual-English2_0._RH\Roll_Bend_Results_-_Optional-.htm
SCM_Master\SCMMASTERManual-English2_0._RH\Roll_Gap_Display_Options-.htm
SCM_Master\SCMMASTERManual-English2_0._RH\Roll_Rotation_-_Optional-.htm
SCM_Master\SCMMASTERManual-English2_0._RH\Roll_Rotation_Results_-_Optional-.htm
SCM_Master\SCMMASTERManual-English2_0._RH\Roll_Rotation_Roll_Layout_Screen__Optional-r07z.htm
SCM_Master\SCMMASTERManual-English2_0._RH\Roll_Rotation_Sensors_-_optional-.htm
SCM_Master\SCMMASTERManual-English2_0._RH\Routine_Hydraulic_System_Checks-.htm
SCM_Master\SCMMASTERManual-English2_0._RH\SCM_Mechanical_Arrangement-.htm
SCM_Master\SCMMASTERManual-English2_0._RH\SCM_Menu_Structure-.htm
SCM_Master\SCMMASTERManual-English2_0._RH\SCM_Start-Up_Menu_and_Test_Modes-.htm
SCM_Master\SCMMASTERManual-English2_0._RH\SCM_Temperature_Graph-.htm
SCM_Master\SCMMASTERManual-English2_0._RH\Sensor_Pair_Live_Readings-.htm
SCM_Master\SCMMASTERManual-English2_0._RH\Sensor_trace_examples-.htm
SCM_Master\SCMMASTERManual-English2_0._RH\Setting_up_the_Rotary_Table-.htm
SCM_Master\SCMMASTERManual-English2_0._RH\Setup_of_Client_PCs_for_Viewing_Data_through_a_Network-.htm
SCM_Master\SCMMASTERManual-English2_0._RH\Single_Roll_Out_Of_Position-.htm
SCM_Master\SCMMASTERManual-English2_0._RH\Software_Problems-.htm
SCM_Master\SCMMASTERManual-English2_0._RH\Starting_Caster_Measurement-.htm
SCM_Master\SCMMASTERManual-English2_0._RH\Step_Error_Calculation-.htm
SCM_Master\SCMMASTERManual-English2_0._RH\System_Components_Description-.htm
SCM_Master\SCMMASTERManual-English2_0._RH\System_Overview-.htm
SCM_Master\SCMMASTERManual-English2_0._RH\Temperature_Graph-.htm
SCM_Master\SCMMASTERManual-English2_0._RH\Terminology-.htm
SCM_Master\SCMMASTERManual-English2_0._RH\The_Operator_Interface-.htm
SCM_Master\SCMMASTERManual-English2_0._RH\Threshold_Adjustment_Button-.htm
SCM_Master\SCMMASTERManual-English2_0._RH\Torque_Settings-.htm
SCM_Master\SCMMASTERManual-English2_0._RH\Trace_Viewer-.htm
SCM_Master\SCMMASTERManual-English2_0._RH\Transfer_of_Data_from_SCM_to_Laptop-.htm
SCM_Master\SCMMASTERManual-English2_0._RH\Trolley_Mounted_Hydraulic_Power_Unit_HPU-.htm
SCM_Master\SCMMASTERManual-English2_0._RH\View_Measurement_Data-.htm
SCM_Master\SCMMASTERManual-English2_0._RH\WATER_-_Individual_Water_Transducer_Test_Option-.htm
SCM_Master\SCMMASTERManual-English2_0._RH\Water_Spray_-_Optional-.htm
SCM_Master\SCMMASTERManual-English2_0._RH\Water_Spray_Screen_-_Optional-.htm
SCM_Master\SCMMASTERManual-English2_0._RH\Water_Spray_Sensors_-_optional-.htm
SCM_Master\SCMMASTERManual-English2_0._RH\Water_Spray_Threshold_Summary_Screen-.htm
SCM_Master\SCMMASTERManual-English2_0._RH\WIFI_Hardware-.htm
SCM_Master\SCMMASTERManual-English2_0._RH\Wireless_Data_Transfer_and_Calibration_Wi-Fi__Optional-f767a.htm
SCM_Master\Video\Inc_blades_480.html
Training_Slideshow.htm
Calibration_Training_Version_12.pdf
SCM_Master\Video\Inc_blades.mp4
template\Theme3_Black\jquery.js
template\Theme3_Black\jqueryui-custom.js
template\Theme3_Black\layout.js
template\Theme3_Black\overthrow.min.js
template\Theme3_Black\overthrow.sidescroller.min.js
SCM_Master\scripts\config_xml.js
SCM_Master\scripts\handlebars.js
SCM_Master\scripts\jquery-1.7.1.min.js
SCM_Master\scripts\jquery-ui-1.8.15.custom.min.js
SCM_Master\scripts\modernizr.js
SCM_Master\scripts\player-min.js
SCM_Master\scripts\swfobject.js
SCM_Master\Video\scripts\config_xml.js
SCM_Master\Video\scripts\handlebars.js
SCM_Master\Video\scripts\jquery-1.7.1.min.js
SCM_Master\Video\scripts\jquery-ui-1.8.15.custom.min.js
SCM_Master\Video\scripts\modernizr.js
SCM_Master\Video\scripts\player-min.js
SCM_Master\Video\scripts\swfobject.js
template\Azure_Blue\usersettings.js
index.glo
Test\CCAR\CCAR.css
CCAR.css
SCM_Master\Video\Inc_blades_480_embed.css
SCM_Master\SCMMASTERManual-English2_0._RH\SCMMASTERManual-English2_3._RH.css
template\Theme3_Black\main.css
template\Theme3_Black\jqueryui-custom.css
template\Azure_Blue\layout-rtl.css
template\Azure_Blue\layout.css
SCM_Master\SCMMASTERManual-English2_0._RH\image515.jpg
SCM_Master\SCMMASTERManual-English2_0._RH\image513.jpg
SCM_Master\SCMMASTERManual-English2_0._RH\image511.jpg
SCM_Master\SCMMASTERManual-English2_0._RH\image509.png
SCM_Master\SCMMASTERManual-English2_0._RH\image507.jpg
SCM_Master\SCMMASTERManual-English2_0._RH\image504.png
SCM_Master\SCMMASTERManual-English2_0._RH\image503.jpg
SCM_Master\SCMMASTERManual-English2_0._RH\image501.png
SCM_Master\SCMMASTERManual-English2_0._RH\image500.jpg
SCM_Master\SCMMASTERManual-English2_0._RH\image498.png
SCM_Master\SCMMASTERManual-English2_0._RH\image496.png
SCM_Master\SCMMASTERManual-English2_0._RH\image494.png
SCM_Master\SCMMASTERManual-English2_0._RH\image493.jpg
SCM_Master\SCMMASTERManual-English2_0._RH\image491.png
SCM_Master\SCMMASTERManual-English2_0._RH\image489.jpg
SCM_Master\SCMMASTERManual-English2_0._RH\image487.png
SCM_Master\SCMMASTERManual-English2_0._RH\image485.jpg
SCM_Master\SCMMASTERManual-English2_0._RH\image480.png
SCM_Master\SCMMASTERManual-English2_0._RH\image479.jpg
SCM_Master\SCMMASTERManual-English2_0._RH\image477.png
SCM_Master\SCMMASTERManual-English2_0._RH\image475.jpg
SCM_Master\SCMMASTERManual-English2_0._RH\image473.png
SCM_Master\SCMMASTERManual-English2_0._RH\image470.png
SCM_Master\SCMMASTERManual-English2_0._RH\image468.jpg
SCM_Master\SCMMASTERManual-English2_0._RH\image466.jpg
SCM_Master\SCMMASTERManual-English2_0._RH\image464.jpg
SCM_Master\SCMMASTERManual-English2_0._RH\image461.jpg
SCM_Master\SCMMASTERManual-English2_0._RH\image459.jpg
SCM_Master\SCMMASTERManual-English2_0._RH\image457.jpg
SCM_Master\SCMMASTERManual-English2_0._RH\image455.jpg
SCM_Master\SCMMASTERManual-English2_0._RH\image453.jpg
SCM_Master\SCMMASTERManual-English2_0._RH\image451.jpg
SCM_Master\SCMMASTERManual-English2_0._RH\image449.jpg
SCM_Master\SCMMASTERManual-English2_0._RH\image447.jpg
SCM_Master\SCMMASTERManual-English2_0._RH\image445.jpg
SCM_Master\SCMMASTERManual-English2_0._RH\image443.jpg
SCM_Master\SCMMASTERManual-English2_0._RH\image441.png
SCM_Master\SCMMASTERManual-English2_0._RH\image439.jpg
SCM_Master\SCMMASTERManual-English2_0._RH\image437.png
SCM_Master\SCMMASTERManual-English2_0._RH\image435.png
SCM_Master\SCMMASTERManual-English2_0._RH\image433.jpg
SCM_Master\SCMMASTERManual-English2_0._RH\image431.jpg
SCM_Master\SCMMASTERManual-English2_0._RH\image429.jpg
SCM_Master\SCMMASTERManual-English2_0._RH\image427.jpg
SCM_Master\SCMMASTERManual-English2_0._RH\image425.jpg
SCM_Master\SCMMASTERManual-English2_0._RH\image423.jpg
SCM_Master\SCMMASTERManual-English2_0._RH\image421.png
SCM_Master\SCMMASTERManual-English2_0._RH\image420.jpg
SCM_Master\SCMMASTERManual-English2_0._RH\image418.jpg
SCM_Master\SCMMASTERManual-English2_0._RH\image416.jpg
SCM_Master\SCMMASTERManual-English2_0._RH\image414.jpg
SCM_Master\SCMMASTERManual-English2_0._RH\image412.png
SCM_Master\SCMMASTERManual-English2_0._RH\image411.jpg
SCM_Master\SCMMASTERManual-English2_0._RH\image409.jpg
SCM_Master\SCMMASTERManual-English2_0._RH\image407.jpg
SCM_Master\SCMMASTERManual-English2_0._RH\image405.png
SCM_Master\SCMMASTERManual-English2_0._RH\image403.jpg
SCM_Master\SCMMASTERManual-English2_0._RH\image401.jpg
SCM_Master\SCMMASTERManual-English2_0._RH\image399.jpg
SCM_Master\SCMMASTERManual-English2_0._RH\image397.png
SCM_Master\SCMMASTERManual-English2_0._RH\image395.png
SCM_Master\SCMMASTERManual-English2_0._RH\image393.jpg
SCM_Master\SCMMASTERManual-English2_0._RH\image391.jpg
SCM_Master\SCMMASTERManual-English2_0._RH\image388.jpg
SCM_Master\SCMMASTERManual-English2_0._RH\image386.jpg
SCM_Master\SCMMASTERManual-English2_0._RH\image383.png
SCM_Master\SCMMASTERManual-English2_0._RH\image381.jpg
SCM_Master\SCMMASTERManual-English2_0._RH\image379.png
SCM_Master\SCMMASTERManual-English2_0._RH\image377.jpg
SCM_Master\SCMMASTERManual-English2_0._RH\image372.png
SCM_Master\SCMMASTERManual-English2_0._RH\image371.jpg
SCM_Master\SCMMASTERManual-English2_0._RH\image369.jpg
SCM_Master\SCMMASTERManual-English2_0._RH\image367.jpg
SCM_Master\SCMMASTERManual-English2_0._RH\image365.jpg
SCM_Master\SCMMASTERManual-English2_0._RH\image363.png
SCM_Master\SCMMASTERManual-English2_0._RH\image361.png
SCM_Master\SCMMASTERManual-English2_0._RH\image359.jpg
SCM_Master\SCMMASTERManual-English2_0._RH\image357.png
SCM_Master\SCMMASTERManual-English2_0._RH\image355.jpg
SCM_Master\SCMMASTERManual-English2_0._RH\image353.jpg
SCM_Master\SCMMASTERManual-English2_0._RH\image351.jpg
SCM_Master\SCMMASTERManual-English2_0._RH\image349.jpg
SCM_Master\SCMMASTERManual-English2_0._RH\image347.png
SCM_Master\SCMMASTERManual-English2_0._RH\image345.jpg
SCM_Master\SCMMASTERManual-English2_0._RH\image343.jpg
SCM_Master\SCMMASTERManual-English2_0._RH\image341.jpg
SCM_Master\SCMMASTERManual-English2_0._RH\image339.jpg
SCM_Master\SCMMASTERManual-English2_0._RH\image337.jpg
SCM_Master\SCMMASTERManual-English2_0._RH\image334.jpg
SCM_Master\SCMMASTERManual-English2_0._RH\image332.jpg
SCM_Master\SCMMASTERManual-English2_0._RH\image329.jpg
SCM_Master\SCMMASTERManual-English2_0._RH\image327.jpg
SCM_Master\SCMMASTERManual-English2_0._RH\image325.jpg
SCM_Master\SCMMASTERManual-English2_0._RH\image323.jpg
SCM_Master\SCMMASTERManual-English2_0._RH\image321.jpg
SCM_Master\SCMMASTERManual-English2_0._RH\image319.jpg
SCM_Master\SCMMASTERManual-English2_0._RH\image314.png
SCM_Master\SCMMASTERManual-English2_0._RH\image312.png
SCM_Master\SCMMASTERManual-English2_0._RH\image309.png
SCM_Master\SCMMASTERManual-English2_0._RH\image308.jpg
SCM_Master\SCMMASTERManual-English2_0._RH\image306.jpg
SCM_Master\SCMMASTERManual-English2_0._RH\image304.jpg
SCM_Master\SCMMASTERManual-English2_0._RH\image302.png
SCM_Master\SCMMASTERManual-English2_0._RH\image301.jpg
SCM_Master\SCMMASTERManual-English2_0._RH\image299.jpg
SCM_Master\SCMMASTERManual-English2_0._RH\image297.png
SCM_Master\SCMMASTERManual-English2_0._RH\image295.png
SCM_Master\SCMMASTERManual-English2_0._RH\image293.png
SCM_Master\SCMMASTERManual-English2_0._RH\image291.jpg
SCM_Master\SCMMASTERManual-English2_0._RH\image289.png
SCM_Master\SCMMASTERManual-English2_0._RH\image288.jpg
SCM_Master\SCMMASTERManual-English2_0._RH\image286.jpg
SCM_Master\SCMMASTERManual-English2_0._RH\image284.png
SCM_Master\SCMMASTERManual-English2_0._RH\image282.png
SCM_Master\SCMMASTERManual-English2_0._RH\image281.jpg
SCM_Master\SCMMASTERManual-English2_0._RH\image279.jpg
SCM_Master\SCMMASTERManual-English2_0._RH\image277.png
SCM_Master\SCMMASTERManual-English2_0._RH\image276.jpg
SCM_Master\SCMMASTERManual-English2_0._RH\image274.jpg
SCM_Master\SCMMASTERManual-English2_0._RH\image272.jpg
SCM_Master\SCMMASTERManual-English2_0._RH\image270.jpg
SCM_Master\SCMMASTERManual-English2_0._RH\image268.jpg
SCM_Master\SCMMASTERManual-English2_0._RH\image266.jpg
SCM_Master\SCMMASTERManual-English2_0._RH\image264.jpg
SCM_Master\SCMMASTERManual-English2_0._RH\image262.png
SCM_Master\SCMMASTERManual-English2_0._RH\image259.png
SCM_Master\SCMMASTERManual-English2_0._RH\image257.png
SCM_Master\SCMMASTERManual-English2_0._RH\image255.png
SCM_Master\SCMMASTERManual-English2_0._RH\image253.jpg
SCM_Master\SCMMASTERManual-English2_0._RH\image249.png
SCM_Master\SCMMASTERManual-English2_0._RH\image247.png
SCM_Master\SCMMASTERManual-English2_0._RH\image244.png
SCM_Master\SCMMASTERManual-English2_0._RH\image241.png
SCM_Master\SCMMASTERManual-English2_0._RH\image239.png
SCM_Master\SCMMASTERManual-English2_0._RH\image237.png
SCM_Master\SCMMASTERManual-English2_0._RH\image235.jpg
SCM_Master\SCMMASTERManual-English2_0._RH\image233.jpg
SCM_Master\SCMMASTERManual-English2_0._RH\image231.png
SCM_Master\SCMMASTERManual-English2_0._RH\image229.png
SCM_Master\SCMMASTERManual-English2_0._RH\image227.png
SCM_Master\SCMMASTERManual-English2_0._RH\image225.png
SCM_Master\SCMMASTERManual-English2_0._RH\image223.png
SCM_Master\SCMMASTERManual-English2_0._RH\image221.png
SCM_Master\SCMMASTERManual-English2_0._RH\image219.png
SCM_Master\SCMMASTERManual-English2_0._RH\image217.png
SCM_Master\SCMMASTERManual-English2_0._RH\image215.png
SCM_Master\SCMMASTERManual-English2_0._RH\image213.png
SCM_Master\SCMMASTERManual-English2_0._RH\image211.png
SCM_Master\SCMMASTERManual-English2_0._RH\image209.jpg
SCM_Master\SCMMASTERManual-English2_0._RH\image207.jpg
SCM_Master\SCMMASTERManual-English2_0._RH\image205.jpg
SCM_Master\SCMMASTERManual-English2_0._RH\image203.jpg
SCM_Master\SCMMASTERManual-English2_0._RH\image201.jpg
SCM_Master\SCMMASTERManual-English2_0._RH\image199.jpg
SCM_Master\SCMMASTERManual-English2_0._RH\image197.jpg
SCM_Master\SCMMASTERManual-English2_0._RH\image195.jpg
SCM_Master\SCMMASTERManual-English2_0._RH\image193.jpg
SCM_Master\SCMMASTERManual-English2_0._RH\image191.jpg
SCM_Master\SCMMASTERManual-English2_0._RH\image189.jpg
SCM_Master\SCMMASTERManual-English2_0._RH\image187.jpg
SCM_Master\SCMMASTERManual-English2_0._RH\image185.jpg
SCM_Master\SCMMASTERManual-English2_0._RH\image183.jpg
SCM_Master\SCMMASTERManual-English2_0._RH\image181.jpg
SCM_Master\SCMMASTERManual-English2_0._RH\image179.jpg
SCM_Master\SCMMASTERManual-English2_0._RH\image177.jpg
SCM_Master\SCMMASTERManual-English2_0._RH\image175.png
SCM_Master\SCMMASTERManual-English2_0._RH\image174.jpg
SCM_Master\SCMMASTERManual-English2_0._RH\image172.jpg
SCM_Master\SCMMASTERManual-English2_0._RH\image170.jpg
SCM_Master\SCMMASTERManual-English2_0._RH\image168.png
SCM_Master\SCMMASTERManual-English2_0._RH\image165.jpg
SCM_Master\SCMMASTERManual-English2_0._RH\image163.jpg
SCM_Master\SCMMASTERManual-English2_0._RH\image161.jpg
SCM_Master\SCMMASTERManual-English2_0._RH\image159.jpg
SCM_Master\SCMMASTERManual-English2_0._RH\image157.jpg
SCM_Master\SCMMASTERManual-English2_0._RH\image155.jpg
SCM_Master\SCMMASTERManual-English2_0._RH\image153.jpg
SCM_Master\SCMMASTERManual-English2_0._RH\image151.jpg
SCM_Master\SCMMASTERManual-English2_0._RH\image149.jpg
SCM_Master\SCMMASTERManual-English2_0._RH\image147.jpg
SCM_Master\SCMMASTERManual-English2_0._RH\image145.png
SCM_Master\SCMMASTERManual-English2_0._RH\image144.jpg
SCM_Master\SCMMASTERManual-English2_0._RH\image142.jpg
SCM_Master\SCMMASTERManual-English2_0._RH\image140.jpg
SCM_Master\SCMMASTERManual-English2_0._RH\image138.jpg
SCM_Master\SCMMASTERManual-English2_0._RH\image136.jpg
SCM_Master\SCMMASTERManual-English2_0._RH\image134.jpg
SCM_Master\SCMMASTERManual-English2_0._RH\image130.png
SCM_Master\SCMMASTERManual-English2_0._RH\image129.jpg
SCM_Master\SCMMASTERManual-English2_0._RH\image127.jpg
SCM_Master\SCMMASTERManual-English2_0._RH\image125.jpg
SCM_Master\SCMMASTERManual-English2_0._RH\image123.jpg
SCM_Master\SCMMASTERManual-English2_0._RH\image121.jpg
SCM_Master\SCMMASTERManual-English2_0._RH\image119.jpg
SCM_Master\SCMMASTERManual-English2_0._RH\image117.jpg
SCM_Master\SCMMASTERManual-English2_0._RH\image115.jpg
SCM_Master\SCMMASTERManual-English2_0._RH\image112.png
SCM_Master\SCMMASTERManual-English2_0._RH\image111.jpg
SCM_Master\SCMMASTERManual-English2_0._RH\image106.png
SCM_Master\SCMMASTERManual-English2_0._RH\image105.jpg
SCM_Master\SCMMASTERManual-English2_0._RH\image103.jpg
SCM_Master\SCMMASTERManual-English2_0._RH\image101.png
SCM_Master\SCMMASTERManual-English2_0._RH\image099.png
SCM_Master\SCMMASTERManual-English2_0._RH\image097.png
SCM_Master\SCMMASTERManual-English2_0._RH\image095.png
SCM_Master\SCMMASTERManual-English2_0._RH\image093.png
SCM_Master\SCMMASTERManual-English2_0._RH\image091.png
SCM_Master\SCMMASTERManual-English2_0._RH\image089.jpg
SCM_Master\SCMMASTERManual-English2_0._RH\image087.png
SCM_Master\SCMMASTERManual-English2_0._RH\image086.jpg
SCM_Master\SCMMASTERManual-English2_0._RH\image084.png
SCM_Master\SCMMASTERManual-English2_0._RH\image082.png
SCM_Master\SCMMASTERManual-English2_0._RH\image080.png
SCM_Master\SCMMASTERManual-English2_0._RH\image078.png
SCM_Master\SCMMASTERManual-English2_0._RH\image076.png
SCM_Master\SCMMASTERManual-English2_0._RH\image067.png
SCM_Master\SCMMASTERManual-English2_0._RH\image065.jpg
SCM_Master\SCMMASTERManual-English2_0._RH\image063.jpg
SCM_Master\SCMMASTERManual-English2_0._RH\image061.png
SCM_Master\SCMMASTERManual-English2_0._RH\image059.jpg
SCM_Master\SCMMASTERManual-English2_0._RH\image057.jpg
SCM_Master\SCMMASTERManual-English2_0._RH\image055.jpg
SCM_Master\SCMMASTERManual-English2_0._RH\image053.jpg
SCM_Master\SCMMASTERManual-English2_0._RH\image051.jpg
SCM_Master\SCMMASTERManual-English2_0._RH\image049.jpg
SCM_Master\SCMMASTERManual-English2_0._RH\image047.jpg
SCM_Master\SCMMASTERManual-English2_0._RH\image045.png
SCM_Master\SCMMASTERManual-English2_0._RH\image043.jpg
SCM_Master\SCMMASTERManual-English2_0._RH\image041.jpg
SCM_Master\SCMMASTERManual-English2_0._RH\image039.jpg
SCM_Master\SCMMASTERManual-English2_0._RH\image037.jpg
SCM_Master\SCMMASTERManual-English2_0._RH\image035.jpg
SCM_Master\SCMMASTERManual-English2_0._RH\image033.jpg
SCM_Master\SCMMASTERManual-English2_0._RH\image031.jpg
SCM_Master\SCMMASTERManual-English2_0._RH\image029.png
SCM_Master\SCMMASTERManual-English2_0._RH\image027.png
SCM_Master\SCMMASTERManual-English2_0._RH\image025.png
SCM_Master\SCMMASTERManual-English2_0._RH\image023.png
template\Azure_Blue\filter_desktop.png
template\Azure_Blue\filter_mark_radio.png
template\Azure_Blue\filter_mark.png
template\Azure_Blue\toc_book_open_mobile.png
template\Azure_Blue\search_desktop.png
template\Theme3_Black\glo_hover_buttonbar_small.png
template\Theme3_Black\toc_hover_buttonbar_small.png
SCM_Master\SCMMASTERManual-English2_0._RH\image260.png
SCM_Master\SCMMASTERManual-English2_0._RH\image251.png
SCM_Master\SCMMASTERManual-English2_0._RH\image250.png
SCM_Master\SCMMASTERManual-English2_0._RH\image010.jpg
SCM_Master\SCMMASTERManual-English2_0._RH\image012.jpg
SCM_Master\SCMMASTERManual-English2_0._RH\image074.png
SCM_Master\SCMMASTERManual-English2_0._RH\image073.png
SCM_Master\SCMMASTERManual-English2_0._RH\image072.png
SCM_Master\SCMMASTERManual-English2_0._RH\image071.png
SCM_Master\SCMMASTERManual-English2_0._RH\image070.png
SCM_Master\SCMMASTERManual-English2_0._RH\image069.png
SCM_Master\SCMMASTERManual-English2_0._RH\image068.png
SCM_Master\SCMMASTERManual-English2_0._RH\image022.jpg
SCM_Master\SCMMASTERManual-English2_0._RH\image166.jpg
SCM_Master\SCMMASTERManual-English2_0._RH\image310.png
SCM_Master\SCMMASTERManual-English2_0._RH\image020.jpg
SCM_Master\SCMMASTERManual-English2_0._RH\image113.png
SCM_Master\SCMMASTERManual-English2_0._RH\image483.png
SCM_Master\SCMMASTERManual-English2_0._RH\image482.png
SCM_Master\SCMMASTERManual-English2_0._RH\image481.png
SCM_Master\SCMMASTERManual-English2_0._RH\image471.png
SCM_Master\SCMMASTERManual-English2_0._RH\image505.png
SCM_Master\SCMMASTERManual-English2_0._RH\image014.png
SCM_Master\SCMMASTERManual-English2_0._RH\image018.jpg
SCM_Master\SCMMASTERManual-English2_0._RH\image131.png
SCM_Master\SCMMASTERManual-English2_0._RH\image245.png
SCM_Master\SCMMASTERManual-English2_0._RH\image242.png
SCM_Master\SCMMASTERManual-English2_0._RH\image389.jpg
SCM_Master\SCMMASTERManual-English2_0._RH\image384.png
SCM_Master\SCMMASTERManual-English2_0._RH\image375.png
SCM_Master\SCMMASTERManual-English2_0._RH\image374.png
SCM_Master\SCMMASTERManual-English2_0._RH\image373.png
SCM_Master\SCMMASTERManual-English2_0._RH\image008.jpg
SCM_Master\SCMMASTERManual-English2_0._RH\image006.png
SCM_Master\SCMMASTERManual-English2_0._RH\image005.png
SCM_Master\SCMMASTERManual-English2_0._RH\image004.png
SCM_Master\SCMMASTERManual-English2_0._RH\image003.png
SCM_Master\SCMMASTERManual-English2_0._RH\image002.png
SCM_Master\SCMMASTERManual-English2_0._RH\image001.png
SCM_Master\SCMMASTERManual-English2_0._RH\image016.png
SCM_Master\SCMMASTERManual-English2_0._RH\image109.png
SCM_Master\SCMMASTERManual-English2_0._RH\image108.png
SCM_Master\SCMMASTERManual-English2_0._RH\image107.png
SCM_Master\SCMMASTERManual-English2_0._RH\image317.png
SCM_Master\SCMMASTERManual-English2_0._RH\image316.png
SCM_Master\SCMMASTERManual-English2_0._RH\image315.png
SCM_Master\SCMMASTERManual-English2_0._RH\image335.jpg
SCM_Master\SCMMASTERManual-English2_0._RH\image330.jpg
SCM_Master\SCMMASTERManual-English2_0._RH\image462.jpg
template\Azure_Blue\previous.png
template\Azure_Blue\index_mobile.png
template\Azure_Blue\preview\filter.png
template\Azure_Blue\preview\toc-desktop.png
template\Theme3_Black\TOCTreeLink.png
template\Theme3_Black\TOCTreeLinkHover.png
template\Theme3_Black\ui-bg_flat_55_fbec88_40x100.png
template\Theme3_Black\animated-overlay.gif
template\Theme3_Black\searchNext.png
template\Theme3_Black\TOCNodeLink.png
template\Theme3_Black\search_hover_buttonbar_small.png
template\Theme3_Black\search_buttonbar_hover.png
template\Azure_Blue\andsearch_mark.png
template\Azure_Blue\toc_topic_mobile.png
template\Theme3_Black\TOCTreeOpenBookHover.png
template\Theme3_Black\ui-bg_flat_0_aaaaaa_40x100.png
Logo_webhelp.png
template\Azure_Blue\slider_open_ltr.png
template\Azure_Blue\next.png
template\Azure_Blue\slider_open_rtl.png
template\Azure_Blue\next_tab.png
template\Azure_Blue\previous_tab_active.png
template\Azure_Blue\andsearch_nomark.png
template\Azure_Blue\menu.png
template\Azure_Blue\social_open.png
template\Azure_Blue\filter_nomark_radio.png
template\Azure_Blue\preview\filter-mobile.png
template\Azure_Blue\preview\search-mobile.png
template\Azure_Blue\preview\sidebar-tablet.png
template\Azure_Blue\preview\content.png
template\Theme3_Black\BSNext_hover.png
template\Theme3_Black\BSBack_hover.png
template\Theme3_Black\glo_buttonbar.png
template\Theme3_Black\toc_buttonbar.png
template\Azure_Blue\search_desktop_active.png
template\Azure_Blue\search_desktop_navigation.png
template\Azure_Blue\glossary_mobile.png
template\Azure_Blue\previous_mobile.png
template\Azure_Blue\toc_link_desktop_rtl.png
template\Azure_Blue\preview\glossary.png
template\Theme3_Black\TOCTreeLinkSelected.png
template\Theme3_Black\TOCTreePageSelected.png
template\Theme3_Black\TOCTreeCloseBookSelected.png
template\Theme3_Black\ui-bg_inset-hard_100_f5f8f9_1x100.png
template\Theme3_Black\ui-bg_inset-hard_100_fcfdfd_1x100.png
template\Theme3_Black\search_advanced_closed.png
template\Theme3_Black\glo_buttonbar_small.png
template\Theme3_Black\index_hover_buttonbar_small.png
template\Theme3_Black\toc_buttonbar_small.png
template\Azure_Blue\toc_desktop.png
template\Azure_Blue\glossary_tab.png
template\Azure_Blue\index_tab.png
template\Azure_Blue\previous_tab.png
template\Azure_Blue\search_mobile_active.png
template\Azure_Blue\filter_nomark.png
template\Azure_Blue\toc_book_open_desktop.png
template\Azure_Blue\toc_book_open_drildown.png
template\Azure_Blue\idx_topic.png
template\Azure_Blue\filter_clearall.png
template\Azure_Blue\preview\search.png
template\Azure_Blue\preview\sidebar-mobile.png
template\Azure_Blue\preview\header.png
template\Theme3_Black\TOCTreeCloseBook.png
template\Theme3_Black\ui-bg_glass_95_fef1ec_1x400.png
template\Theme3_Black\ui-bg_glass_75_d0e5f5_1x400.png
template\Theme3_Black\ui-bg_glass_85_dfeffc_1x400.png
template\Theme3_Black\TOCNodeCloseBook.png
template\Azure_Blue\slider_ltr.png
template\Azure_Blue\slider_rtl.png
template\Azure_Blue\search_tab.png
template\Azure_Blue\filter_tab_applied.png
template\Azure_Blue\filter_tab.png
template\Azure_Blue\toc_mobile.png
template\Azure_Blue\filter_mobile_applied.png
template\Azure_Blue\previous_active.png
template\Azure_Blue\next_tab_active.png
template\Azure_Blue\preview\social.png
template\Azure_Blue\preview\toc-mobile.png
template\Azure_Blue\preview\sidebar-desktop.png
template\Theme3_Black\glo_hover.png
template\Theme3_Black\toc_hover.png
template\Theme3_Black\searchBack.png
Sarclad_logo.png
template\Azure_Blue\social_close_ltr.png
template\Azure_Blue\social_close_rtl.png
template\Azure_Blue\toc_topic_desktop.png
template\Azure_Blue\preview\index.png
template\Theme3_Black\search_advanced_open.png
template\Azure_Blue\back_mobile_ltr.png
template\Azure_Blue\toc_link_mobile_ltr.png
template\Azure_Blue\print_desktop.png
template\Azure_Blue\next_active.png
template\Azure_Blue\glossary_desktop.png
template\Azure_Blue\index_desktop.png
template\Azure_Blue\back_mobile_rtl.png
template\Azure_Blue\back_mobile_filter.png
template\Azure_Blue\next_mobile_active.png
template\Azure_Blue\next_mobile.png
template\Azure_Blue\search_mobile_navigation.png
template\Azure_Blue\toc_book_closed_desktop.png
template\Azure_Blue\toc_link_mobile_rtl.png
template\Theme3_Black\TOCTreePage.png
template\Theme3_Black\TOCTreePageHover.png
template\Theme3_Black\TOCTreeOpenBook.png
template\Theme3_Black\TOCTreeCloseBookHover.png
template\Theme3_Black\TOCNodeUpSmall.png
template\Theme3_Black\TOCNodeUp.png
template\Theme3_Black\TOCNodeOpenBook.png
template\Theme3_Black\TOCNodePage.png
template\Theme3_Black\index_buttonbar_small.png
template\Azure_Blue\filter_desktop_applied.png
template\Theme3_Black\BSNext.png
template\Theme3_Black\BSBack.png
template\Theme3_Black\glo.png
template\Theme3_Black\TOCTreeOpenBookSelected.png
template\Theme3_Black\Print.png
template\Theme3_Black\home.png
template\Theme3_Black\Search.png
template\Theme3_Black\index.png
template\Theme3_Black\toc.png
template\Theme3_Black\logo.png
template\Theme3_Black\switch.png
template\Theme3_Black\topic.png
template\Theme3_Black\to_top.png
template\Azure_Blue\toc_link_desktop_ltr.png
template\Azure_Blue\previous_mobile_active.png
template\Azure_Blue\toc_book_closed_mobile.png
template\Theme3_Black\topic_right.png
template\Theme3_Black\Print_hover.png
template\Theme3_Black\index_hover.png
template\Theme3_Black\search_buttonbar_small.png
template\Theme3_Black\topic_hover.png
template\Theme3_Black\index_buttonbar_hover.png
template\Azure_Blue\top.png
template\Azure_Blue\toc_tab.png
template\Azure_Blue\logo.png
template\Azure_Blue\loading.gif
template\Azure_Blue\preview\user-settings.png
template\Theme3_Black\topic_left.png
template\Theme3_Black\select_button.png
template\Theme3_Black\search_buttonbar.png
template\Theme3_Black\glo_buttonbar_hover.png
template\Theme3_Black\toc_buttonbar_hover.png
template\Theme3_Black\home_hover.png
template\Theme3_Black\open_sidebar.png
template\Theme3_Black\index_buttonbar.png
SCM_InChain\SCMMasterInchainManualIX0014_RH2\image024.jpg
SCM_InChain\SCMMasterInchainManualIX0014_RH2\image068.jpg
SCM_InChain\SCMMasterInchainManualIX0014_RH2\image167.jpg
SCM_InChain\SCMMasterInchainManualIX0014_RH2\image184.jpg
SCM_InChain\SCMMasterInchainManualIX0014_RH2\image247.jpg
SCM_InChain\SCMMasterInchainManualIX0014_RH2\image082.jpg
SCM_InChain\SCMMasterInchainManualIX0014_RH2\image080.jpg
SCM_InChain\SCMMasterInchainManualIX0014_RH2\image078.jpg
SCM_InChain\SCMMasterInchainManualIX0014_RH2\image012.jpg
SCM_InChain\SCMMasterInchainManualIX0014_RH2\image010.gif
SCM_InChain\SCMMasterInchainManualIX0014_RH2\image178.jpg
SCM_InChain\SCMMasterInchainManualIX0014_RH2\image298.jpg
SCM_InChain\SCMMasterInchainManualIX0014_RH2\image297.jpg
SCM_InChain\SCMMasterInchainManualIX0014_RH2\image296.jpg
SCM_InChain\SCMMasterInchainManualIX0014_RH2\image295.jpg
SCM_InChain\SCMMasterInchainManualIX0014_RH2\image294.jpg
SCM_InChain\SCMMasterInchainManualIX0014_RH2\image014.jpg
SCM_InChain\SCMMasterInchainManualIX0014_RH2\image032.jpg
SCM_InChain\SCMMasterInchainManualIX0014_RH2\image030.jpg
SCM_InChain\SCMMasterInchainManualIX0014_RH2\image028.jpg
SCM_InChain\SCMMasterInchainManualIX0014_RH2\image072.jpg
SCM_InChain\SCMMasterInchainManualIX0014_RH2\image070.jpg
SCM_InChain\SCMMasterInchainManualIX0014_RH2\image176.jpg
SCM_InChain\SCMMasterInchainManualIX0014_RH2\image165.jpg
SCM_InChain\SCMMasterInchainManualIX0014_RH2\image022.jpg
SCM_InChain\SCMMasterInchainManualIX0014_RH2\image026.jpg
SCM_InChain\SCMMasterInchainManualIX0014_RH2\image136.jpg
SCM_InChain\SCMMasterInchainManualIX0014_RH2\image210.jpg
SCM_InChain\SCMMasterInchainManualIX0014_RH2\image245.jpg
SCM_InChain\SCMMasterInchainManualIX0014_RH2\image293.jpg
SCM_InChain\SCMMasterInchainManualIX0014_RH2\image064.jpg
SCM_InChain\SCMMasterInchainManualIX0014_RH2\image062.jpg
SCM_InChain\SCMMasterInchainManualIX0014_RH2\image060.jpg
SCM_InChain\SCMMasterInchainManualIX0014_RH2\image058.jpg
SCM_InChain\SCMMasterInchainManualIX0014_RH2\image056.jpg
SCM_InChain\SCMMasterInchainManualIX0014_RH2\image054.jpg
SCM_InChain\SCMMasterInchainManualIX0014_RH2\image052.jpg
SCM_InChain\SCMMasterInchainManualIX0014_RH2\image050.jpg
SCM_InChain\SCMMasterInchainManualIX0014_RH2\image048.jpg
SCM_InChain\SCMMasterInchainManualIX0014_RH2\image046.jpg
SCM_InChain\SCMMasterInchainManualIX0014_RH2\image044.jpg
SCM_InChain\SCMMasterInchainManualIX0014_RH2\image042.jpg
SCM_InChain\SCMMasterInchainManualIX0014_RH2\image040.jpg
SCM_InChain\SCMMasterInchainManualIX0014_RH2\image066.jpg
SCM_InChain\SCMMasterInchainManualIX0014_RH2\image159.jpg
SCM_InChain\SCMMasterInchainManualIX0014_RH2\image157.jpg
SCM_InChain\SCMMasterInchainManualIX0014_RH2\image155.jpg
SCM_InChain\SCMMasterInchainManualIX0014_RH2\image153.jpg
SCM_InChain\SCMMasterInchainManualIX0014_RH2\image151.jpg
SCM_InChain\SCMMasterInchainManualIX0014_RH2\image149.jpg
SCM_InChain\SCMMasterInchainManualIX0014_RH2\image147.jpg
SCM_InChain\SCMMasterInchainManualIX0014_RH2\image261.jpg
SCM_InChain\SCMMasterInchainManualIX0014_RH2\image277.jpg
SCM_InChain\SCMMasterInchainManualIX0014_RH2\image275.jpg
SCM_InChain\SCMMasterInchainManualIX0014_RH2\image273.jpg
SCM_InChain\SCMMasterInchainManualIX0014_RH2\image271.jpg
SCM_InChain\SCMMasterInchainManualIX0014_RH2\image269.jpg
SCM_InChain\SCMMasterInchainManualIX0014_RH2\image268.jpg
SCM_InChain\SCMMasterInchainManualIX0014_RH2\image020.jpg
SCM_InChain\SCMMasterInchainManualIX0014_RH2\image116.jpg
SCM_InChain\SCMMasterInchainManualIX0014_RH2\image114.jpg
SCM_InChain\SCMMasterInchainManualIX0014_RH2\image112.jpg
SCM_InChain\SCMMasterInchainManualIX0014_RH2\image163.jpg
SCM_InChain\SCMMasterInchainManualIX0014_RH2\image161.jpg
SCM_InChain\SCMMasterInchainManualIX0014_RH2\image186.jpg
SCM_InChain\SCMMasterInchainManualIX0014_RH2\image219.jpg
SCM_InChain\SCMMasterInchainManualIX0014_RH2\image217.jpg
SCM_InChain\SCMMasterInchainManualIX0014_RH2\image215.jpg
SCM_InChain\SCMMasterInchainManualIX0014_RH2\image253.jpg
SCM_InChain\SCMMasterInchainManualIX0014_RH2\image018.jpg
SCM_InChain\SCMMasterInchainManualIX0014_RH2\image016.jpg
SCM_InChain\SCMMasterInchainManualIX0014_RH2\image235.jpg
SCM_InChain\SCMMasterInchainManualIX0014_RH2\image233.jpg
SCM_InChain\SCMMasterInchainManualIX0014_RH2\image231.jpg
SCM_InChain\SCMMasterInchainManualIX0014_RH2\image229.jpg
SCM_InChain\SCMMasterInchainManualIX0014_RH2\image227.jpg
SCM_InChain\SCMMasterInchainManualIX0014_RH2\image241.jpg
SCM_InChain\SCMMasterInchainManualIX0014_RH2\image239.jpg
SCM_InChain\SCMMasterInchainManualIX0014_RH2\image237.jpg
SCM_InChain\SCMMasterInchainManualIX0014_RH2\image249.jpg
SCM_InChain\SCMMasterInchainManualIX0014_RH2\image208.jpg
SCM_InChain\SCMMasterInchainManualIX0014_RH2\image206.jpg
SCM_InChain\SCMMasterInchainManualIX0014_RH2\image036.jpg
SCM_InChain\SCMMasterInchainManualIX0014_RH2\image034.gif
SCM_InChain\SCMMasterInchainManualIX0014_RH2\image084.jpg
SCM_InChain\SCMMasterInchainManualIX0014_RH2\image174.jpg
SCM_InChain\SCMMasterInchainManualIX0014_RH2\image172.jpg
SCM_InChain\SCMMasterInchainManualIX0014_RH2\image170.gif
SCM_InChain\SCMMasterInchainManualIX0014_RH2\image169.jpg
SCM_InChain\SCMMasterInchainManualIX0014_RH2\image226.jpg
SCM_InChain\SCMMasterInchainManualIX0014_RH2\image224.jpg
SCM_InChain\SCMMasterInchainManualIX0014_RH2\image222.jpg
SCM_InChain\SCMMasterInchainManualIX0014_RH2\image100.jpg
SCM_InChain\SCMMasterInchainManualIX0014_RH2\image098.jpg
SCM_InChain\SCMMasterInchainManualIX0014_RH2\image096.jpg
SCM_InChain\SCMMasterInchainManualIX0014_RH2\image094.jpg
SCM_InChain\SCMMasterInchainManualIX0014_RH2\image092.jpg
SCM_InChain\SCMMasterInchainManualIX0014_RH2\image090.jpg
SCM_InChain\SCMMasterInchainManualIX0014_RH2\image088.jpg
SCM_InChain\SCMMasterInchainManualIX0014_RH2\image086.jpg
SCM_InChain\SCMMasterInchainManualIX0014_RH2\image134.jpg
SCM_InChain\SCMMasterInchainManualIX0014_RH2\image132.jpg
SCM_InChain\SCMMasterInchainManualIX0014_RH2\image130.jpg
SCM_InChain\SCMMasterInchainManualIX0014_RH2\image128.jpg
SCM_InChain\SCMMasterInchainManualIX0014_RH2\image126.jpg
SCM_InChain\SCMMasterInchainManualIX0014_RH2\image125.jpg
SCM_InChain\SCMMasterInchainManualIX0014_RH2\image123.jpg
SCM_InChain\SCMMasterInchainManualIX0014_RH2\image121.jpg
SCM_InChain\SCMMasterInchainManualIX0014_RH2\image119.gif
SCM_InChain\SCMMasterInchainManualIX0014_RH2\image118.jpg
SCM_InChain\SCMMasterInchainManualIX0014_RH2\image145.jpg
SCM_InChain\SCMMasterInchainManualIX0014_RH2\image143.jpg
SCM_InChain\SCMMasterInchainManualIX0014_RH2\image142.jpg
SCM_InChain\SCMMasterInchainManualIX0014_RH2\image140.jpg
SCM_InChain\SCMMasterInchainManualIX0014_RH2\image138.jpg
SCM_InChain\SCMMasterInchainManualIX0014_RH2\image182.jpg
SCM_InChain\SCMMasterInchainManualIX0014_RH2\image287.jpg
SCM_InChain\SCMMasterInchainManualIX0014_RH2\image038.jpg
SCM_InChain\SCMMasterInchainManualIX0014_RH2\image289.jpg
SCM_InChain\SCMMasterInchainManualIX0014_RH2\image291.jpg
SCM_InChain\SCMMasterInchainManualIX0014_RH2\image008.jpg
SCM_InChain\SCMMasterInchainManualIX0014_RH2\image006.jpg
SCM_InChain\SCMMasterInchainManualIX0014_RH2\image004.jpg
SCM_InChain\SCMMasterInchainManualIX0014_RH2\image002.jpg
SCM_InChain\SCMMasterInchainManualIX0014_RH2\image076.jpg
SCM_InChain\SCMMasterInchainManualIX0014_RH2\image074.jpg
SCM_InChain\SCMMasterInchainManualIX0014_RH2\image110.jpg
SCM_InChain\SCMMasterInchainManualIX0014_RH2\image108.jpg
SCM_InChain\SCMMasterInchainManualIX0014_RH2\image106.jpg
SCM_InChain\SCMMasterInchainManualIX0014_RH2\image104.jpg
SCM_InChain\SCMMasterInchainManualIX0014_RH2\image102.jpg
SCM_InChain\SCMMasterInchainManualIX0014_RH2\image188.jpg
SCM_InChain\SCMMasterInchainManualIX0014_RH2\image212.jpg
SCM_InChain\SCMMasterInchainManualIX0014_RH2\image251.jpg
SCM_InChain\SCMMasterInchainManualIX0014_RH2\image264.gif
SCM_InChain\SCMMasterInchainManualIX0014_RH2\image263.jpg
SCM_InChain\SCMMasterInchainManualIX0014_RH2\image285.jpg
SCM_InChain\SCMMasterInchainManualIX0014_RH2\image284.jpg
SCM_InChain\SCMMasterInchainManualIX0014_RH2\image282.jpg
SCM_InChain\SCMMasterInchainManualIX0014_RH2\image281.jpg
SCM_InChain\SCMMasterInchainManualIX0014_RH2\image213.jpg
SCM_InChain\SCMMasterInchainManualIX0014_RH2\image279.gif
SCM_InChain\SCMMasterInchainManualIX0014_RH2\image180.jpg
SCM_InChain\SCMMasterInchainManualIX0014_RH2\image204.jpg
SCM_InChain\SCMMasterInchainManualIX0014_RH2\image202.jpg
SCM_InChain\SCMMasterInchainManualIX0014_RH2\image200.jpg
SCM_InChain\SCMMasterInchainManualIX0014_RH2\image198.jpg
SCM_InChain\SCMMasterInchainManualIX0014_RH2\image196.jpg
SCM_InChain\SCMMasterInchainManualIX0014_RH2\image194.jpg
SCM_InChain\SCMMasterInchainManualIX0014_RH2\image192.jpg
SCM_InChain\SCMMasterInchainManualIX0014_RH2\image190.jpg
SCM_InChain\SCMMasterInchainManualIX0014_RH2\image259.jpg
SCM_InChain\SCMMasterInchainManualIX0014_RH2\image257.jpg
SCM_InChain\SCMMasterInchainManualIX0014_RH2\image255.jpg
template\Azure_Blue\search_mobile.png
template\Azure_Blue\filter_mobile.png
template\Azure_Blue\preview\functionbar-mobile.png
template\Azure_Blue\preview\functionbar-tablet.png
template\Azure_Blue\preview\functionbar-desktop.png
template\Azure_Blue\preview\layout-media-queries.png
template\Theme3_Black\close_sidebar.png
template\Theme3_Black\topic_buttonbar_small.png
template\Theme3_Black\ui-bg_gloss-wave_55_5c9ccc_500x100.png
template\Theme3_Black\icon_back_small.png
EDT_Overview.swf
RoboHHRE.lng
ehlpdhtm.js
index.html
splash1.png
SearchOptions.xml
Mobile_App_config.xml
icon1.png
whxdata\toc2.js
whxdata\toc2.new.js
whxdata\toc3.js
whxdata\toc3.new.js
whxdata\toc4.js
whxdata\toc4.new.js
whxdata\toc1.js
whxdata\toc1.new.js
whxdata\toc6.js
whxdata\toc6.new.js
whxdata\toc7.js
whxdata\toc7.new.js
whxdata\toc8.js
whxdata\toc8.new.js
whxdata\toc9.js
whxdata\toc9.new.js
whxdata\toc10.js
whxdata\toc10.new.js
whxdata\toc11.js
whxdata\toc11.new.js
whxdata\toc12.js
whxdata\toc12.new.js
whxdata\toc5.js
whxdata\toc5.new.js
whxdata\toc14.js
whxdata\toc14.new.js
whxdata\toc15.js
whxdata\toc15.new.js
whxdata\toc13.js
whxdata\toc13.new.js
whxdata\toc17.js
whxdata\toc17.new.js
whxdata\toc16.js
whxdata\toc16.new.js
whxdata\toc19.js
whxdata\toc19.new.js
whxdata\toc18.js
whxdata\toc18.new.js
whxdata\toc21.js
whxdata\toc21.new.js
whxdata\toc22.js
whxdata\toc22.new.js
whxdata\toc23.js
whxdata\toc23.new.js
whxdata\toc24.js
whxdata\toc24.new.js
whxdata\toc20.js
whxdata\toc20.new.js
whxdata\toc26.js
whxdata\toc26.new.js
whxdata\toc27.js
whxdata\toc27.new.js
whxdata\toc28.js
whxdata\toc28.new.js
whxdata\toc29.js
whxdata\toc29.new.js
whxdata\toc30.js
whxdata\toc30.new.js
whxdata\toc25.js
whxdata\toc25.new.js
whxdata\toc32.js
whxdata\toc32.new.js
whxdata\toc33.js
whxdata\toc33.new.js
whxdata\toc34.js
whxdata\toc34.new.js
whxdata\toc31.js
whxdata\toc31.new.js
whxdata\toc36.js
whxdata\toc36.new.js
whxdata\toc35.js
whxdata\toc35.new.js
whxdata\toc38.js
whxdata\toc38.new.js
whxdata\toc37.js
whxdata\toc37.new.js
whxdata\toc.js
whxdata\toc.new.js
whxdata\idata1.js
whxdata\idata1.new.js
whxdata\idata2.js
whxdata\idata2.new.js
whxdata\idata3.js
whxdata\idata3.new.js
whxdata\idata4.js
whxdata\idata4.new.js
whxdata\idata5.js
whxdata\idata5.new.js
whxdata\idata6.js
whxdata\idata6.new.js
whxdata\idata7.js
whxdata\idata7.new.js
whxdata\idata8.js
whxdata\idata8.new.js
whxdata\idata9.js
whxdata\idata9.new.js
whxdata\idata10.js
whxdata\idata10.new.js
whxdata\idata11.js
whxdata\idata11.new.js
whxdata\idx.js
whxdata\idx.new.js
whxdata\gdata1.js
whxdata\gdata1.new.js
whxdata\glo.js
whxdata\glo.new.js
whxdata\package_0_xml.js
whxdata\package_1_xml.js
whxdata\package_2_xml.js
whxdata\package_3_xml.js
whxdata\package_4_xml.js
whxdata\package_5_xml.js
whxdata\package_6_xml.js
whxdata\package_7_xml.js
whxdata\package_8_xml.js
whxdata\package_9_xml.js
whxdata\package_10_xml.js
whxdata\package_11_xml.js
whxdata\package_12_xml.js
whxdata\package_13_xml.js
whxdata\package_14_xml.js
whxdata\package_15_xml.js
whxdata\package_16_xml.js
whxdata\package_17_xml.js
whxdata\package_18_xml.js
whxdata\package_19_xml.js
whxdata\package_20_xml.js
whxdata\package_21_xml.js
whxdata\package_22_xml.js
whxdata\package_23_xml.js
whxdata\package_24_xml.js
whxdata\package_25_xml.js
whxdata\package_26_xml.js
whxdata\package_27_xml.js
whxdata\package_28_xml.js
whxdata\package_29_xml.js
whxdata\package_30_xml.js
whxdata\package_31_xml.js
whxdata\package_32_xml.js
whxdata\package_33_xml.js
whxdata\package_34_xml.js
whxdata\package_35_xml.js
whxdata\package_36_xml.js
whxdata\package_37_xml.js
whxdata\packageindex_xml.js
whxdata\synonym.xml
whxdata\synonym_xml.js
whxdata\topictable_0_xml.js
whxdata\topictable_1_xml.js
whxdata\topictable_2_xml.js
whxdata\topictable_3_xml.js
whxdata\topictable_4_xml.js
whxdata\topictable_5_xml.js
whxdata\topictable_6_xml.js
whxdata\topictableindex_xml.js
whxdata\whfts.xml
whxdata\whfts_xml.js
whxdata\csh.js
whxdata\window.js
projectdata.js
